* a23f801 : moved file with git mv| 
| diff --git a/ceg4110-tutorial/Hello4110.java b/Hello4110.java
| similarity index 100%
| rename from ceg4110-tutorial/Hello4110.java
| rename to Hello4110.java

* dca9736 : rename file| 
| diff --git a/ceg4110-tutorial/Hello4110 -a.java b/ceg4110-tutorial/Hello4110 -a.java
| deleted file mode 100644
| index 355189e..0000000
| --- a/ceg4110-tutorial/Hello4110 -a.java	
| +++ /dev/null
| @@ -1,5 +0,0 @@
| -class Hello4110{
| -	public static void main(String[] args){
| -		System.out.println("The hold world is 40!");
| -	}
| -}
| diff --git a/ceg4110-tutorial/Hello4110 -b.java b/ceg4110-tutorial/Hello4110 -b.java
| deleted file mode 100644
| index 355189e..0000000
| --- a/ceg4110-tutorial/Hello4110 -b.java	
| +++ /dev/null
| @@ -1,5 +0,0 @@
| -class Hello4110{
| -	public static void main(String[] args){
| -		System.out.println("The hold world is 40!");
| -	}
| -}

* 55b4540 : just made copys of Hello4100.java to a and b| 
| diff --git a/ceg4110-tutorial/Hello4110-a.java b/ceg4110-tutorial/Hello4110-a.java
| new file mode 100644
| index 0000000..355189e
| --- /dev/null
| +++ b/ceg4110-tutorial/Hello4110-a.java
| @@ -0,0 +1,5 @@
| +class Hello4110{
| +	public static void main(String[] args){
| +		System.out.println("The hold world is 40!");
| +	}
| +}
| diff --git a/ceg4110-tutorial/Hello4110-b.java b/ceg4110-tutorial/Hello4110-b.java
| new file mode 100644
| index 0000000..355189e
| --- /dev/null
| +++ b/ceg4110-tutorial/Hello4110-b.java
| @@ -0,0 +1,5 @@
| +class Hello4110{
| +	public static void main(String[] args){
| +		System.out.println("The hold world is 40!");
| +	}
| +}

* a31ac3a : just made copys of Hello4100.java| 
| diff --git a/ceg4110-tutorial/Hello4110 -a.java b/ceg4110-tutorial/Hello4110 -a.java
| new file mode 100644
| index 0000000..355189e
| --- /dev/null
| +++ b/ceg4110-tutorial/Hello4110 -a.java	
| @@ -0,0 +1,5 @@
| +class Hello4110{
| +	public static void main(String[] args){
| +		System.out.println("The hold world is 40!");
| +	}
| +}
| diff --git a/ceg4110-tutorial/Hello4110 -b.java b/ceg4110-tutorial/Hello4110 -b.java
| new file mode 100644
| index 0000000..355189e
| --- /dev/null
| +++ b/ceg4110-tutorial/Hello4110 -b.java	
| @@ -0,0 +1,5 @@
| +class Hello4110{
| +	public static void main(String[] args){
| +		System.out.println("The hold world is 40!");
| +	}
| +}

* 2ebe5f9 : added ceg4110 to my rep| 
| diff --git a/.gitignore b/.gitignore
| new file mode 100644
| index 0000000..5e6f863
| --- /dev/null
| +++ b/.gitignore
| @@ -0,0 +1 @@
| +C:\Users\Nat Crossman\Desktop\homework4110\ceg4110-tutorial\.git
| \ No newline at end of file
| diff --git a/ceg4110-tutorial/Hello4110.class b/ceg4110-tutorial/Hello4110.class
| new file mode 100644
| index 0000000..2f173fb
| Binary files /dev/null and b/ceg4110-tutorial/Hello4110.class differ
| diff --git a/ceg4110-tutorial/Hello4110.java b/ceg4110-tutorial/Hello4110.java
| new file mode 100644
| index 0000000..355189e
| --- /dev/null
| +++ b/ceg4110-tutorial/Hello4110.java
| @@ -0,0 +1,5 @@
| +class Hello4110{
| +	public static void main(String[] args){
| +		System.out.println("The hold world is 40!");
| +	}
| +}
| diff --git a/ceg4110-tutorial/README.md b/ceg4110-tutorial/README.md
| new file mode 100644
| index 0000000..d99b0c7
| --- /dev/null
| +++ b/ceg4110-tutorial/README.md
| @@ -0,0 +1,5 @@
| +# 4110demo
| +
| +## subsections about this project
| +
| +Say something about the repository
| diff --git a/ceg4110-tutorial/hello4110.py b/ceg4110-tutorial/hello4110.py
| new file mode 100644
| index 0000000..70e37ff
| --- /dev/null
| +++ b/ceg4110-tutorial/hello4110.py
| @@ -0,0 +1,3 @@
| +print "hello 4110! How are you?"
| +print "I'm doing great!"
| +print "Great!"

* dca04c3 : changed spelling| 
| diff --git a/README.md b/README.md
| index ed25852..5cc2400 100644
| --- a/README.md
| +++ b/README.md
| @@ -1,19 +1,19 @@
| -#Nathaniel Crossman's README
| +## Nathaniel Crossman's README
|  
| -##Favorite Color:
| +## Favorite Color:
|  	This inevitably may be hard to believe but I do not have a favorite color. 
|  Therefore, in the absence of a favorite color, I will choose `black`
|  
| -##Recipe pesto:
| +## Recipe pesto:
|  1. ###### Ingredients:
| --	1) 3 cups packed fresh basil leaves
| --	2) 4 cloves garlic
| --	3) 3/4 cup grated Parmesan cheese 
| --	4) 1/2 cup olive oil
| --	5) 1/4 cup pine nuts 
| --	6) 1/2 cup chopped fresh parsley (optional)
| +		1) 3 cups packed fresh basil leaves
| +		2) 4 cloves garlic
| +		3) 3/4 cup grated Parmesan cheese 
| +		4) 1/2 cup olive oil
| +		5) 1/4 cup pine nuts 
| +		6) 1/2 cup chopped fresh parsley (optional)
|  2. ###### Directions:
| --	1)Combine basil, garlic, Parmesan cheese, olive oil, and nuts in the bowl of a food processor or blender. 
| +	1)Combine basil, garlic, Parmesan cheese, olive oil, and nuts in the bowl of a food processor or blender. 
|  Blend to a smooth paste. Add parsley if desired.	
|   
|  

* 894f1af : made readme file  
  diff --git a/README.md b/README.md
  new file mode 100644
  index 0000000..ed25852
  --- /dev/null
  +++ b/README.md
  @@ -0,0 +1,19 @@
  +#Nathaniel Crossman's README
  +
  +##Favorite Color:
  +	This inevitably may be hard to believe but I do not have a favorite color. 
  +Therefore, in the absence of a favorite color, I will choose `black`
  +
  +##Recipe pesto:
  +1. ###### Ingredients:
  +-	1) 3 cups packed fresh basil leaves
  +-	2) 4 cloves garlic
  +-	3) 3/4 cup grated Parmesan cheese 
  +-	4) 1/2 cup olive oil
  +-	5) 1/4 cup pine nuts 
  +-	6) 1/2 cup chopped fresh parsley (optional)
  +2. ###### Directions:
  +-	1)Combine basil, garlic, Parmesan cheese, olive oil, and nuts in the bowl of a food processor or blender. 
  +Blend to a smooth paste. Add parsley if desired.	
  + 
  +
